2021-11-26 10:35:01, : Driver Need Download and Install OOOOOO
 
2021-11-26 10:35:01, : Driver by System
 
2021-11-26 10:35:01, : Driver by System----OpenKey fail
 
2021-11-26 10:35:01, : Driver Use Release Server
 
2021-11-26 10:35:02, : Driver---IDE Download from: https://liveupdate01s.asus.com/pub/ASUS/LiveUpdate/Release//Motherboard//ARMOURY CRATE.ide 
 
2021-11-26 10:35:02, : Driver---IDE Download to: C:\Users\si\AppData\Local\ArmouryLiveUpdate\ARMOURY CRATE\ARMOURY CRATE.ide 
 
2021-11-26 10:35:02, : Driver Donload ide file OK... 
 
2021-11-26 10:35:02, : Driver Download IDX Complete! 
 
2021-11-26 10:35:02, : Driver Download file ing...
 
2021-11-26 10:35:02, : Driver zip Downloading...!!!
 
2021-11-26 10:35:02, : Driver---Download from: https://liveupdate01s.asus.com/pub/ASUS/mb/14Utilities/AC_loader_v31012.zip 
 
2021-11-26 10:35:02, : Driver---Download to: C:\Users\si\AppData\Local\ArmouryLiveUpdate\AP_UPDATE\AC_loader_v31012.zip 
 
2021-11-26 10:35:02, : Driver Start....Download ZIP !!
 
2021-11-26 10:35:03, : Driver Download ZIP OK !! 
 
2021-11-26 10:35:03, : Driver Downloaded and unzip ok!!! 
 
2021-11-26 10:35:03, : Driver execute Updating!!!
 
2021-11-26 10:35:03, : Driver---RUN Update: C:\Users\si\AppData\Local\ArmouryLiveUpdate\AP_UPDATE\AC_loader_v31012\ArmouryCrateInstaller.exe -driverinstall 
 
2021-11-26 10:35:03, : Driver trigger Setup Finish!!!
 
2021-11-27 15:17:00, : Driver Need Download and Install OOOOOO
 
2021-11-27 15:17:00, : Driver by System
 
2021-11-27 15:17:00, : Driver Use Release Server
 
2021-11-27 15:17:00, : Driver---IDE Download from: https://liveupdate01s.asus.com/pub/ASUS/LiveUpdate/Release//Motherboard//ARMOURY CRATE.ide 
 
2021-11-27 15:17:00, : Driver---IDE Download to: C:\Users\si\AppData\Local\ArmouryLiveUpdate\ARMOURY CRATE\ARMOURY CRATE.ide 
 
2021-11-27 15:17:00, : Driver Donload ide file OK... 
 
2021-11-27 15:17:00, : Driver Download IDX Complete! 
 
2021-11-27 15:17:00, : Driver Download file ing...
 
2021-11-27 15:17:00, : Driver zip Downloading...!!!
 
2021-11-27 15:17:00, : Driver---Download from: https://liveupdate01s.asus.com/pub/ASUS/mb/14Utilities/AC_loader_v31012.zip 
 
2021-11-27 15:17:00, : Driver---Download to: C:\Users\si\AppData\Local\ArmouryLiveUpdate\AP_UPDATE\AC_loader_v31012.zip 
 
2021-11-27 15:17:00, : Driver Start....Download ZIP !!
 
2021-11-27 15:17:00, : Driver Download ZIP OK !! 
 
2021-11-27 15:17:00, : Driver Downloaded and unzip ok!!! 
 
2021-11-27 15:17:01, : Driver execute Updating!!!
 
2021-11-27 15:17:01, : Driver---RUN Update: C:\Users\si\AppData\Local\ArmouryLiveUpdate\AP_UPDATE\AC_loader_v31012\ArmouryCrateInstaller.exe -driverinstall 
 
