48:02:52.294254 dns-monitor Log continuation - Log started 2022-06-27T22:38:32.781834500Z
48:02:52.294303 dns-monitor HostDnsMonitor: unchanged
48:07:24.903974 dns-monitor HostDnsMonitor: updating information
48:07:24.904013 dns-monitor HostDnsMonitor: unchanged
48:10:21.185452 dns-monitor HostDnsMonitor: updating information
48:10:21.185508 dns-monitor HostDnsMonitor: unchanged
48:11:55.718419 dns-monitor HostDnsMonitor: updating information
48:11:55.718455 dns-monitor HostDnsMonitor: unchanged
48:14:06.625878 dns-monitor HostDnsMonitor: updating information
48:14:06.625910 dns-monitor HostDnsMonitor: unchanged
48:19:26.982098 dns-monitor HostDnsMonitor: updating information
48:19:26.982133 dns-monitor HostDnsMonitor: unchanged
48:21:46.565312 dns-monitor HostDnsMonitor: updating information
48:21:46.565327 dns-monitor HostDnsMonitor: unchanged
48:27:32.006242 dns-monitor HostDnsMonitor: updating information
48:27:32.006253 dns-monitor HostDnsMonitor: unchanged
48:31:00.747460 dns-monitor HostDnsMonitor: updating information
48:31:00.747478 dns-monitor HostDnsMonitor: unchanged
48:32:03.454488 dns-monitor HostDnsMonitor: updating information
48:32:03.454510 dns-monitor HostDnsMonitor: unchanged
49:08:42.907098 dns-monitor HostDnsMonitor: updating information
49:08:42.907154 dns-monitor HostDnsMonitor: unchanged
49:10:36.617835 dns-monitor HostDnsMonitor: updating information
49:10:36.617855 dns-monitor HostDnsMonitor: unchanged
49:26:08.145738 dns-monitor HostDnsMonitor: updating information
49:26:08.145794 dns-monitor HostDnsMonitor: unchanged
49:39:09.507609 dns-monitor HostDnsMonitor: updating information
49:39:09.507626 dns-monitor HostDnsMonitor: unchanged
49:58:43.451469 dns-monitor HostDnsMonitor: updating information
49:58:43.451553 dns-monitor HostDnsMonitor: unchanged
50:18:11.664781 dns-monitor HostDnsMonitor: updating information
50:18:11.664804 dns-monitor HostDnsMonitor: unchanged
50:24:22.642295 dns-monitor HostDnsMonitor: updating information
50:24:22.642313 dns-monitor HostDnsMonitor: unchanged
50:58:51.707801 dns-monitor HostDnsMonitor: updating information
50:58:51.707849 dns-monitor HostDnsMonitor: unchanged
50:59:23.405749 dns-monitor HostDnsMonitor: updating information
50:59:23.405773 dns-monitor HostDnsMonitor: unchanged
51:03:05.279276 dns-monitor HostDnsMonitor: updating information
51:03:05.279299 dns-monitor HostDnsMonitor: unchanged
51:05:54.738168 dns-monitor HostDnsMonitor: updating information
51:05:54.738186 dns-monitor HostDnsMonitor: unchanged
51:13:30.024235 dns-monitor HostDnsMonitor: updating information
51:13:30.024252 dns-monitor HostDnsMonitor: unchanged
51:14:56.166104 dns-monitor HostDnsMonitor: updating information
51:14:56.166120 dns-monitor HostDnsMonitor: unchanged
51:16:38.532535 dns-monitor HostDnsMonitor: updating information
51:16:38.532553 dns-monitor HostDnsMonitor: unchanged
51:25:27.913759 dns-monitor HostDnsMonitor: updating information
51:25:27.913776 dns-monitor HostDnsMonitor: unchanged
51:41:28.231084 dns-monitor HostDnsMonitor: updating information
51:41:28.231138 dns-monitor HostDnsMonitor: unchanged
51:44:00.906288 dns-monitor HostDnsMonitor: updating information
51:44:00.906306 dns-monitor HostDnsMonitor: unchanged
52:43:14.300499 dns-monitor HostDnsMonitor: updating information
52:43:14.300562 dns-monitor HostDnsMonitor: unchanged
52:47:11.766382 dns-monitor HostDnsMonitor: updating information
52:47:11.766400 dns-monitor HostDnsMonitor: unchanged
52:47:57.884895 dns-monitor HostDnsMonitor: updating information
52:47:57.884914 dns-monitor HostDnsMonitor: unchanged
52:52:12.272115 dns-monitor HostDnsMonitor: updating information
52:52:12.272132 dns-monitor HostDnsMonitor: unchanged
52:57:36.578286 dns-monitor HostDnsMonitor: updating information
52:57:36.578306 dns-monitor HostDnsMonitor: unchanged
52:58:13.235103 dns-monitor HostDnsMonitor: updating information
52:58:13.235119 dns-monitor HostDnsMonitor: unchanged
53:01:41.055002 dns-monitor HostDnsMonitor: updating information
53:01:41.055022 dns-monitor HostDnsMonitor: unchanged
53:05:16.126953 dns-monitor HostDnsMonitor: updating information
53:05:16.126977 dns-monitor HostDnsMonitor: unchanged
53:11:45.668537 dns-monitor HostDnsMonitor: updating information
53:11:45.668555 dns-monitor HostDnsMonitor: unchanged
53:15:47.244715 dns-monitor HostDnsMonitor: updating information
53:15:47.244730 dns-monitor HostDnsMonitor: unchanged
53:17:46.496778 dns-monitor HostDnsMonitor: updating information
53:17:46.496800 dns-monitor HostDnsMonitor: unchanged
53:18:31.416678 dns-monitor HostDnsMonitor: updating information
53:18:31.416694 dns-monitor HostDnsMonitor: unchanged
53:28:47.406871 dns-monitor HostDnsMonitor: updating information
53:28:47.406937 dns-monitor HostDnsMonitor: unchanged
53:32:49.023313 dns-monitor HostDnsMonitor: updating information
53:32:49.023334 dns-monitor HostDnsMonitor: unchanged
53:51:58.205742 dns-monitor HostDnsMonitor: updating information
53:51:58.205760 dns-monitor HostDnsMonitor: unchanged
53:52:21.965429 dns-monitor HostDnsMonitor: updating information
53:52:21.965446 dns-monitor HostDnsMonitor: unchanged
54:48:30.442712 dns-monitor HostDnsMonitor: updating information
54:48:30.442757 dns-monitor HostDnsMonitor: unchanged
54:50:31.606003 dns-monitor HostDnsMonitor: updating information
54:50:31.606022 dns-monitor HostDnsMonitor: unchanged
55:34:27.891749 dns-monitor HostDnsMonitor: updating information
55:34:27.891805 dns-monitor HostDnsMonitor: unchanged
55:36:09.085584 dns-monitor HostDnsMonitor: updating information
55:36:09.085603 dns-monitor HostDnsMonitor: unchanged
55:39:22.014568 dns-monitor HostDnsMonitor: updating information
55:39:22.014586 dns-monitor HostDnsMonitor: unchanged
55:39:39.617457 dns-monitor HostDnsMonitor: updating information
55:39:39.617472 dns-monitor HostDnsMonitor: unchanged
56:09:39.723715 dns-monitor HostDnsMonitor: updating information
56:09:39.723767 dns-monitor HostDnsMonitor: unchanged
57:31:23.330248 dns-monitor HostDnsMonitor: updating information
57:31:23.330300 dns-monitor HostDnsMonitor: unchanged
57:31:27.890585 dns-monitor HostDnsMonitor: updating information
57:31:27.890602 dns-monitor HostDnsMonitor: unchanged
59:19:50.333933 dns-monitor HostDnsMonitor: updating information
59:19:50.333987 dns-monitor HostDnsMonitor: unchanged
59:23:16.039723 dns-monitor HostDnsMonitor: updating information
59:23:16.039739 dns-monitor HostDnsMonitor: unchanged
60:35:33.333756 dns-monitor HostDnsMonitor: updating information
60:35:33.333818 dns-monitor HostDnsMonitor: unchanged
61:24:54.253013 dns-monitor HostDnsMonitor: updating information
61:24:54.253062 dns-monitor HostDnsMonitor: unchanged
61:27:37.058511 dns-monitor HostDnsMonitor: updating information
61:27:37.058528 dns-monitor HostDnsMonitor: unchanged
61:28:05.826841 dns-monitor HostDnsMonitor: updating information
61:28:05.826857 dns-monitor HostDnsMonitor: unchanged
61:55:31.681465 dns-monitor HostDnsMonitor: updating information
61:55:31.681541 dns-monitor HostDnsMonitor: unchanged
62:05:41.916130 dns-monitor HostDnsMonitor: updating information
62:05:41.916152 dns-monitor HostDnsMonitor: unchanged
62:27:18.232122 dns-monitor HostDnsMonitor: updating information
62:27:18.232154 dns-monitor HostDnsMonitor: unchanged
62:29:45.846202 dns-monitor HostDnsMonitor: updating information
62:29:45.846221 dns-monitor HostDnsMonitor: unchanged
63:29:11.075934 dns-monitor HostDnsMonitor: updating information
63:29:11.075988 dns-monitor HostDnsMonitor: unchanged
63:34:05.680703 dns-monitor HostDnsMonitor: updating information
63:34:05.680722 dns-monitor HostDnsMonitor: unchanged
63:34:56.255500 dns-monitor HostDnsMonitor: updating information
63:34:56.255519 dns-monitor HostDnsMonitor: unchanged
63:54:04.819904 dns-monitor HostDnsMonitor: updating information
63:54:04.819922 dns-monitor HostDnsMonitor: unchanged
63:55:29.514811 dns-monitor HostDnsMonitor: updating information
63:55:29.514830 dns-monitor HostDnsMonitor: unchanged
63:59:07.219313 dns-monitor HostDnsMonitor: updating information
63:59:07.219388 dns-monitor HostDnsMonitor: unchanged
63:59:30.335953 dns-monitor HostDnsMonitor: updating information
63:59:30.335967 dns-monitor HostDnsMonitor: unchanged
66:13:13.468512 dns-monitor HostDnsMonitor: updating information
66:13:13.468560 dns-monitor HostDnsMonitor: unchanged
66:15:52.026351 dns-monitor HostDnsMonitor: updating information
66:15:52.026369 dns-monitor HostDnsMonitor: unchanged
71:04:01.339505 dns-monitor HostDnsMonitor: updating information
71:04:01.339552 dns-monitor HostDnsMonitor: unchanged
71:11:39.314887 dns-monitor HostDnsMonitor: updating information
71:11:39.314902 dns-monitor HostDnsMonitor: unchanged
71:48:05.972927 USBPROXY usbLibGetDevices: Starting USB device enumeration
71:48:05.979139 USBPROXY usbLibGetDevices: Found 5 USB devices, 0 captured
71:48:34.653926 USBPROXY usbLibGetDevices: Starting USB device enumeration
71:48:34.659286 USBPROXY usbLibGetDevices: Found 5 USB devices, 0 captured
71:48:38.352423 USBPROXY usbLibGetDevices: Starting USB device enumeration
71:48:38.354296 USBPROXY Getting USB descriptor (id 0) failed (dwErr=31) on hub USB#VID_05E3&PID_0608#5&17929f8c&0&11#{f18a0e88-c30c-11d0-8815-00a0c906bed8} port 1
71:48:38.354385 USBPROXY Getting USB descriptor (id 0) failed (dwErr=31) on hub USB#VID_05E3&PID_0608#5&17929f8c&0&11#{f18a0e88-c30c-11d0-8815-00a0c906bed8} port 3
71:48:38.354505 USBPROXY usbLibGetDevices: Found 5 USB devices, 0 captured
71:48:38.354528 USBPROXY USB: Unknown USB device detected (idVendor: 0x1462, idProduct: 0x7d59)
71:49:22.693510          Saving settings file "C:\Users\si\.VirtualBox\VirtualBox.xml" with version "1.12-windows"
71:49:24.520035          Saving settings file "C:\Users\si\.VirtualBox\VirtualBox.xml" with version "1.12-windows"
71:49:30.681974          Saving settings file "C:\Users\si\VirtualBox VMs\DownloadsScam\DownloadsScam.vbox" with version "1.15-windows"
71:49:31.189515          Saving settings file "C:\Users\si\VirtualBox VMs\DownloadsScam\DownloadsScam.vbox" with version "1.15-windows"
71:49:34.068277          Saving settings file "C:\Users\si\.VirtualBox\VirtualBox.xml" with version "1.12-windows"
